[04Feb2025 21:14:49.405] [main/INFO] [cpw.mods.modlauncher.Launcher/MODLAUNCHER]: ModLauncher running: args [--launchTarget, forgedatauserdev, --assetIndex, 5, --assetsDir, /home/hussein/.gradle/caches/forge_gradle/assets, --gameDir, ., --fml.forgeVersion, 47.3.11, --fml.mcVersion, 1.20.1, --fml.forgeGroup, net.minecraftforge, --fml.mcpVersion, 20230612.114412, --mod, hussein, --all, --output, /home/hussein/IdeaProjects/husseinmod/src/generated/resources, --existing, /home/hussein/IdeaProjects/husseinmod/src/main/resources, --mixin.config, HusseinPlayzYT.mixins.json]
[04Feb2025 21:14:49.410] [main/INFO] [cpw.mods.modlauncher.Launcher/MODLAUNCHER]: ModLauncher 10.0.9+10.0.9+main.dcd20f30 starting: java version 17.0.13 by Red Hat, Inc.; OS Linux arch amd64 version 6.12.10-200.fc41.x86_64
[04Feb2025 21:14:49.592] [main/INFO] [net.minecraftforge.fml.loading.ImmediateWindowHandler/]: ImmediateWindowProvider not loading because launch target is forgedatauserdev
[04Feb2025 21:14:49.683] [main/INFO] [mixin/]: SpongePowered MIXIN Subsystem Version=0.8.5 Source=union:/home/hussein/.gradle/caches/modules-2/files-2.1/org.spongepowered/mixin/0.8.5/9d1c0c3a304ae6697ecd477218fa61b850bf57fc/mixin-0.8.5.jar%23116!/ Service=ModLauncher Env=CLIENT
[04Feb2025 21:14:50.245] [main/WARN] [net.minecraftforge.fml.loading.moddiscovery.ModFileParser/LOADING]: Mod file /home/hussein/.gradle/caches/modules-2/files-2.1/net.minecraftforge/javafmllanguage/1.20.1-47.3.11/427f703e065645e6ab0d183bfaee6253f474393d/javafmllanguage-1.20.1-47.3.11.jar is missing mods.toml file
[04Feb2025 21:14:50.247] [main/WARN] [net.minecraftforge.fml.loading.moddiscovery.ModFileParser/LOADING]: Mod file /home/hussein/.gradle/caches/modules-2/files-2.1/net.minecraftforge/lowcodelanguage/1.20.1-47.3.11/f59825d2e5d797a1bb3699876861d9f5cd616ad0/lowcodelanguage-1.20.1-47.3.11.jar is missing mods.toml file
[04Feb2025 21:14:50.249] [main/WARN] [net.minecraftforge.fml.loading.moddiscovery.ModFileParser/LOADING]: Mod file /home/hussein/.gradle/caches/modules-2/files-2.1/net.minecraftforge/mclanguage/1.20.1-47.3.11/6624469b892cf7349addc8c7272ba0f9c1628e3f/mclanguage-1.20.1-47.3.11.jar is missing mods.toml file
[04Feb2025 21:14:50.252] [main/WARN] [net.minecraftforge.fml.loading.moddiscovery.ModFileParser/LOADING]: Mod file /home/hussein/.gradle/caches/modules-2/files-2.1/net.minecraftforge/fmlcore/1.20.1-47.3.11/19742efc9b2d4063f19579d80f99579725e034eb/fmlcore-1.20.1-47.3.11.jar is missing mods.toml file
[04Feb2025 21:14:50.403] [main/INFO] [net.minecraftforge.fml.loading.moddiscovery.JarInJarDependencyLocator/]: No dependencies to load found. Skipping!
[04Feb2025 21:14:52.995] [main/INFO] [mixin/]: Compatibility level set to JAVA_17
[04Feb2025 21:14:53.022] [main/INFO] [cpw.mods.modlauncher.LaunchServiceHandler/MODLAUNCHER]: Launching target 'forgedatauserdev' with arguments [--gameDir, ., --assetsDir, /home/hussein/.gradle/caches/forge_gradle/assets, --assetIndex, 5, --mod, hussein, --all, --output, /home/hussein/IdeaProjects/husseinmod/src/generated/resources, --existing, /home/hussein/IdeaProjects/husseinmod/src/main/resources]
[04Feb2025 21:14:53.067] [main/WARN] [mixin/]: Reference map 'HusseinPlayzYT.refmap.json' for HusseinPlayzYT.mixins.json could not be read. If this is a development environment you can ignore this message
[04Feb2025 21:14:53.504] [main/INFO] [mixin/]: Remapping refMap supermartijn642corelib.mixins.refmap.json using /home/hussein/IdeaProjects/husseinmod/build/createSrgToMcp/output.srg
[04Feb2025 21:14:53.506] [main/INFO] [mixin/]: Remapping refMap curios.refmap.json using /home/hussein/IdeaProjects/husseinmod/build/createSrgToMcp/output.srg
[04Feb2025 21:14:53.517] [main/INFO] [mixin/]: Remapping refMap mixins.codechickenlib.refmap.json using /home/hussein/IdeaProjects/husseinmod/build/createSrgToMcp/output.srg
[04Feb2025 21:14:53.519] [main/INFO] [mixin/]: Remapping refMap mixins.brandonscore.refmap.json using /home/hussein/IdeaProjects/husseinmod/build/createSrgToMcp/output.srg
[04Feb2025 21:14:53.521] [main/INFO] [mixin/]: Remapping refMap mixins.draconicevolution.refmap.json using /home/hussein/IdeaProjects/husseinmod/build/createSrgToMcp/output.srg
[04Feb2025 21:14:53.524] [main/INFO] [mixin/]: Remapping refMap ae2.mixins.refmap.json using /home/hussein/IdeaProjects/husseinmod/build/createSrgToMcp/output.srg
[04Feb2025 21:14:54.821] [main/FATAL] [mixin/]: Mixin apply failed supermartijn642corelib.mixins.json:DataGeneratorMixin -> net.minecraft.data.DataGenerator: org.spongepowered.asm.mixin.transformer.throwables.InvalidMixinException @Shadow field f_123905_ was not located in the target class net.minecraft.data.DataGenerator. Using refmap supermartijn642corelib.mixins.refmap.json
org.spongepowered.asm.mixin.transformer.throwables.InvalidMixinException: @Shadow field f_123905_ was not located in the target class net.minecraft.data.DataGenerator. Using refmap supermartijn642corelib.mixins.refmap.json
	at org.spongepowered.asm.mixin.transformer.MixinPreProcessorStandard.attachFields(MixinPreProcessorStandard.java:629) ~[mixin-0.8.5.jar:0.8.5+Jenkins-b310.git-155314e6e91465dad727e621a569906a410cd6f4]
	at org.spongepowered.asm.mixin.transformer.MixinPreProcessorStandard.attach(MixinPreProcessorStandard.java:305) ~[mixin-0.8.5.jar:0.8.5+Jenkins-b310.git-155314e6e91465dad727e621a569906a410cd6f4]
	at org.spongepowered.asm.mixin.transformer.MixinPreProcessorStandard.createContextFor(MixinPreProcessorStandard.java:280) ~[mixin-0.8.5.jar:0.8.5+Jenkins-b310.git-155314e6e91465dad727e621a569906a410cd6f4]
	at org.spongepowered.asm.mixin.transformer.MixinInfo.createContextFor(MixinInfo.java:1288) ~[mixin-0.8.5.jar:0.8.5+Jenkins-b310.git-155314e6e91465dad727e621a569906a410cd6f4]
	at org.spongepowered.asm.mixin.transformer.MixinApplicatorStandard.apply(MixinApplicatorStandard.java:292) ~[mixin-0.8.5.jar:0.8.5+Jenkins-b310.git-155314e6e91465dad727e621a569906a410cd6f4]
	at org.spongepowered.asm.mixin.transformer.TargetClassContext.apply(TargetClassContext.java:383) ~[mixin-0.8.5.jar:0.8.5+Jenkins-b310.git-155314e6e91465dad727e621a569906a410cd6f4]
	at org.spongepowered.asm.mixin.transformer.TargetClassContext.applyMixins(TargetClassContext.java:365) ~[mixin-0.8.5.jar:0.8.5+Jenkins-b310.git-155314e6e91465dad727e621a569906a410cd6f4]
	at org.spongepowered.asm.mixin.transformer.MixinProcessor.applyMixins(MixinProcessor.java:363) ~[mixin-0.8.5.jar:0.8.5+Jenkins-b310.git-155314e6e91465dad727e621a569906a410cd6f4]
	at org.spongepowered.asm.mixin.transformer.MixinTransformer.transformClass(MixinTransformer.java:250) ~[mixin-0.8.5.jar:0.8.5+Jenkins-b310.git-155314e6e91465dad727e621a569906a410cd6f4]
	at org.spongepowered.asm.service.modlauncher.MixinTransformationHandler.processClass(MixinTransformationHandler.java:131) ~[mixin-0.8.5.jar:0.8.5+Jenkins-b310.git-155314e6e91465dad727e621a569906a410cd6f4]
	at org.spongepowered.asm.launch.MixinLaunchPluginLegacy.processClass(MixinLaunchPluginLegacy.java:131) ~[mixin-0.8.5.jar:0.8.5+Jenkins-b310.git-155314e6e91465dad727e621a569906a410cd6f4]
	at cpw.mods.modlauncher.serviceapi.ILaunchPluginService.processClassWithFlags(ILaunchPluginService.java:156) ~[modlauncher-10.0.9.jar:10.0.9+10.0.9+main.dcd20f30]
	at cpw.mods.modlauncher.LaunchPluginHandler.offerClassNodeToPlugins(LaunchPluginHandler.java:88) ~[modlauncher-10.0.9.jar:?]
	at cpw.mods.modlauncher.ClassTransformer.transform(ClassTransformer.java:120) ~[modlauncher-10.0.9.jar:?]
	at cpw.mods.modlauncher.TransformingClassLoader.maybeTransformClassBytes(TransformingClassLoader.java:50) ~[modlauncher-10.0.9.jar:?]
	at cpw.mods.cl.ModuleClassLoader.readerToClass(ModuleClassLoader.java:113) ~[securejarhandler-2.1.10.jar:?]
	at cpw.mods.cl.ModuleClassLoader.lambda$findClass$15(ModuleClassLoader.java:219) ~[securejarhandler-2.1.10.jar:?]
	at cpw.mods.cl.ModuleClassLoader.loadFromModule(ModuleClassLoader.java:229) ~[securejarhandler-2.1.10.jar:?]
	at cpw.mods.cl.ModuleClassLoader.findClass(ModuleClassLoader.java:219) ~[securejarhandler-2.1.10.jar:?]
	at cpw.mods.cl.ModuleClassLoader.loadClass(ModuleClassLoader.java:135) ~[securejarhandler-2.1.10.jar:?]
	at java.lang.ClassLoader.loadClass(ClassLoader.java:525) ~[?:?]
	at java.lang.Class.getDeclaredMethods0(Native Method) ~[?:?]
	at java.lang.Class.privateGetDeclaredMethods(Class.java:3402) ~[?:?]
	at java.lang.Class.getMethodsRecursive(Class.java:3543) ~[?:?]
	at java.lang.Class.getMethod0(Class.java:3529) ~[?:?]
	at java.lang.Class.getMethod(Class.java:2225) ~[?:?]
	at net.minecraftforge.fml.loading.targets.CommonLaunchHandler.runTarget(CommonLaunchHandler.java:111) ~[fmlloader-1.20.1-47.3.11.jar:?]
	at net.minecraftforge.fml.loading.targets.CommonLaunchHandler.dataService(CommonLaunchHandler.java:107) ~[fmlloader-1.20.1-47.3.11.jar:?]
	at net.minecraftforge.fml.loading.targets.ForgeDataUserdevLaunchHandler.devService(ForgeDataUserdevLaunchHandler.java:22) ~[fmlloader-1.20.1-47.3.11.jar:?]
	at net.minecraftforge.fml.loading.targets.CommonDevLaunchHandler.lambda$makeService$7(CommonDevLaunchHandler.java:135) ~[fmlloader-1.20.1-47.3.11.jar:?]
	at cpw.mods.modlauncher.LaunchServiceHandlerDecorator.launch(LaunchServiceHandlerDecorator.java:30) ~[modlauncher-10.0.9.jar:?]
	at cpw.mods.modlauncher.LaunchServiceHandler.launch(LaunchServiceHandler.java:53) ~[modlauncher-10.0.9.jar:?]
	at cpw.mods.modlauncher.LaunchServiceHandler.launch(LaunchServiceHandler.java:71) ~[modlauncher-10.0.9.jar:?]
	at cpw.mods.modlauncher.Launcher.run(Launcher.java:108) ~[modlauncher-10.0.9.jar:?]
	at cpw.mods.modlauncher.Launcher.main(Launcher.java:78) ~[modlauncher-10.0.9.jar:?]
	at cpw.mods.modlauncher.BootstrapLaunchConsumer.accept(BootstrapLaunchConsumer.java:26) ~[modlauncher-10.0.9.jar:?]
	at cpw.mods.modlauncher.BootstrapLaunchConsumer.accept(BootstrapLaunchConsumer.java:23) ~[modlauncher-10.0.9.jar:?]
	at cpw.mods.bootstraplauncher.BootstrapLauncher.main(BootstrapLauncher.java:141) ~[bootstraplauncher-1.1.2.jar:?]
